Content-Type: text/plain; charset="utf-8"
MIME-Version: 1.0
Content-Transfer-Encoding: 8bit
Subject: =?utf-8?b?0J/QvtGB0YLRiyDQsNCy0YLQvtGA0LAgbGVv?=
From: sitdikov.rb@phystech.edu
To: razergsaints@gmail.com
Date: Fri, 18 Dec 2020 11:00:06 -0000
Message-ID: 
 <160828920660.3017.4297880355617459598@1.0.0.0.0.0.0.0.0.0.0.0.0.0.0.0.0.0.0.0.0.0.0.0.0.0.0.0.0.0.0.0.ip6.arpa>

Начинаю новую т
Ровно 3 мѣсяца 
[Бухарест.] Во 
Съ утра сѣлъ за
День ото дня от
Сегодня мнѣ сдѣ
Написалъ письмо
Читалъ Gilbert 
Цѣлый день чита
Главные мои нед
Читалъ во время
Цѣлый день чита
Скромности у ме
Утромъ читалъ и
Утро и цѣлый де
Писать не хочет
Перечитывалъ Ге
Утромъ Олхинъ п
Съ утра чувство
Моя молитва. «В
Утромъ, кромѣ о
Рано нынче разб
Съ 10 часовъ до
Обѣдъ мой не уд
Вчера утро чита
[Синешти.] Рано
Опять переходъ,
Нынче съ утра х
[Курешти?] Утро
Рано выступили 
[Бузео.] Опять 
Цѣлый день проб
Пишу въ самомъ 
Исправленіе мое
[Рымник.] Сдѣла
[Фокшаны.] Еще 

-------------------------------------------------------------------------------
